
[0m[2m[35m$[0m [2m[1mremix vite:build[0m
[36mvite v6.3.3 [32mbuilding for production...[36m[39m
[2K[1Gtransforming (1) [2mapp/entry.client.tsx[22m[2K[1Gtransforming (25) [2mapp/routes/dashboard.tsx[22m[2K[1G[33mapp/components/brands/brand-form.tsx (1:0): Error when using sourcemap for reporting an error: Can't resolve original location of error.[39m
[2K[1G[2K[1Gtransforming (60) [2mapp/components/products/product-images-grid.tsx[22m[2K[1G[33mapp/components/products/product-images-grid.tsx (1:0): Error when using sourcemap for reporting an error: Can't resolve original location of error.[39m
[2K[1G[2K[1Gtransforming (72) [2m../../node_modules/@remix-run/server-runtime/dist/esm/warnings.js[22m[2K[1Gtransforming (93) [2m../../node_modules/@remix-run/server-runtime/dist/esm/deprecations.js[22m[2K[1Gtransforming (105) [2m../../node_modules/@web3-storage/multipart-parser/esm/src/search.js[22m[2K[1Gtransforming (124) [2mapp/components/brands/brand-table.tsx[22m[2K[1Gtransforming (151) [2m../../node_modules/lucide-react/dist/esm/icons/circle-check.js[22m
/fonts/Sarabun-Thin.ttf referenced in /fonts/Sarabun-Thin.ttf didn't resolve at build time, it will remain unchanged to be resolved at runtime

/fonts/Sarabun-Light.ttf referenced in /fonts/Sarabun-Light.ttf didn't resolve at build time, it will remain unchanged to be resolved at runtime

/fonts/Sarabun-Text.ttf referenced in /fonts/Sarabun-Text.ttf didn't resolve at build time, it will remain unchanged to be resolved at runtime

/fonts/Sarabun-Medium.ttf referenced in /fonts/Sarabun-Medium.ttf didn't resolve at build time, it will remain unchanged to be resolved at runtime

/fonts/Sarabun-SemiBold.ttf referenced in /fonts/Sarabun-SemiBold.ttf didn't resolve at build time, it will remain unchanged to be resolved at runtime

/fonts/Sarabun-Bold.ttf referenced in /fonts/Sarabun-Bold.ttf didn't resolve at build time, it will remain unchanged to be resolved at runtime
[2K[1Gtransforming (174) [2m../../node_modules/@remix-run/server-runtime/dist/esm/dev.js[22m[2K[1G[33mapp/components/products/product-form.tsx (1:0): Error when using sourcemap for reporting an error: Can't resolve original location of error.[39m
[2K[1G[2K[1G[33mapp/components/Sidebar.tsx (1:0): Error when using sourcemap for reporting an error: Can't resolve original location of error.[39m
[2K[1G[2K[1Gtransforming (249) [2m../../node_modules/lucide-react/dist/esm/icons/send-horizontal.js[22m[2K[1Gtransforming (387) [2m../../node_modules/lucide-react/dist/esm/icons/arrow-down-from-line.js[22m[2K[1Gtransforming (539) [2m../../node_modules/lucide-react/dist/esm/icons/bus-front.js[22m[2K[1Gtransforming (780) [2m../../node_modules/lucide-react/dist/esm/icons/eraser.js[22m[2K[1Gtransforming (902) [2m../../node_modules/lucide-react/dist/esm/icons/folders.js[22m[2K[1Gtransforming (1120) [2m../../node_modules/lucide-react/dist/esm/icons/megaphone-off.js[22m[2K[1Gtransforming (1142) [2m../../node_modules/lucide-react/dist/esm/icons/message-square-lock.js[22m[2K[1Gtransforming (1342) [2m../../node_modules/lucide-react/dist/esm/icons/refresh-ccw-dot.js[22m[2K[1Gtransforming (1553) [2m../../node_modules/lucide-react/dist/esm/icons/ticket-minus.js[22m[2K[1Gtransforming (1702) [2m../../packages/ui/src/components/inputWithOutForm.tsx[22m[2K[1G[2K[1Gtransforming (1711) [2m../../packages/ui/src/components/form.tsx[22m[2K[1G[2K[1G[2K[1Gtransforming (1769) [2m../../node_modules/date-fns/differenceInISOWeekYears.js[22m[2K[1Gtransforming (1894) [2m../../node_modules/date-fns/lastDayOfYear.js[22m[2K[1G[2K[1G[2K[1G[2K[1G[2K[1G[2K[1Gtransforming (2023) [2m../../node_modules/@radix-ui/react-checkbox/dist/index.mjs[22m[2K[1G[2K[1G[2K[1G[2K[1G[2K[1G[2K[1G[2K[1G[2K[1G[2K[1G[2K[1G[2K[1G[2K[1Gtransforming (2081) [2m../../node_modules/date-fns/parse/_lib/parsers/DayOfYearParser.js[22m[2K[1Gtransforming (2222) [2m../../node_modules/react-day-picker/dist/esm/helpers/getMonths.js[22m[2K[1Gtransforming (2402) [2m../../node_modules/react-day-picker/node_modules/date-fns/millisecondsToSeconds.j[2K[1Gtransforming (2507) [2m../../node_modules/react-remove-scroll/dist/es2015/handleScroll.js[22m[2K[1G[2K[1G[32m✓[39m 2567 modules transformed.
[2K[1G[33mGenerated an empty chunk: "api.auth._".[39m
[2K[1Grendering chunks (1)...[2K[1Grendering chunks (2)...[2K[1Grendering chunks (3)...[2K[1Grendering chunks (4)...[2K[1Grendering chunks (5)...[2K[1Grendering chunks (6)...[2K[1Grendering chunks (7)...[2K[1Grendering chunks (8)...[2K[1Grendering chunks (9)...[2K[1Grendering chunks (10)...[2K[1Grendering chunks (11)...[2K[1Grendering chunks (12)...[2K[1Grendering chunks (13)...[2K[1Grendering chunks (14)...[2K[1Grendering chunks (15)...[2K[1Grendering chunks (16)...[2K[1Grendering chunks (17)...[2K[1Grendering chunks (18)...[2K[1Grendering chunks (19)...[2K[1Grendering chunks (20)...[2K[1Grendering chunks (21)...[2K[1Grendering chunks (22)...[2K[1Grendering chunks (23)...[2K[1Grendering chunks (24)...[2K[1Grendering chunks (25)...[2K[1Grendering chunks (26)...[2K[1Grendering chunks (27)...[2K[1Grendering chunks (28)...[2K[1Grendering chunks (29)...[2K[1Grendering chunks (30)...[2K[1Grendering chunks (31)...[2K[1Grendering chunks (32)...[2K[1Grendering chunks (33)...[2K[1Grendering chunks (34)...[2K[1Grendering chunks (35)...[2K[1Grendering chunks (36)...[2K[1Grendering chunks (37)...[2K[1Grendering chunks (38)...[2K[1Grendering chunks (39)...[2K[1Grendering chunks (40)...[2K[1Grendering chunks (41)...[2K[1Grendering chunks (42)...[2K[1Grendering chunks (43)...[2K[1Grendering chunks (44)...[2K[1Grendering chunks (45)...[2K[1Grendering chunks (46)...[2K[1Grendering chunks (47)...[2K[1Grendering chunks (48)...[2K[1Grendering chunks (49)...[2K[1Grendering chunks (50)...[2K[1Grendering chunks (51)...[2K[1Grendering chunks (52)...[2K[1G[2K[1Gcomputing gzip size (0)...[2K[1Gcomputing gzip size (1)...[2K[1Gcomputing gzip size (2)...[2K[1Gcomputing gzip size (3)...[2K[1Gcomputing gzip size (4)...[2K[1Gcomputing gzip size (5)...[2K[1Gcomputing gzip size (6)...[2K[1Gcomputing gzip size (7)...[2K[1Gcomputing gzip size (8)...[2K[1Gcomputing gzip size (9)...[2K[1Gcomputing gzip size (10)...[2K[1Gcomputing gzip size (11)...[2K[1Gcomputing gzip size (12)...[2K[1Gcomputing gzip size (13)...[2K[1Gcomputing gzip size (14)...[2K[1Gcomputing gzip size (15)...[2K[1Gcomputing gzip size (16)...[2K[1Gcomputing gzip size (17)...[2K[1Gcomputing gzip size (18)...[2K[1Gcomputing gzip size (19)...[2K[1Gcomputing gzip size (20)...[2K[1Gcomputing gzip size (21)...[2K[1Gcomputing gzip size (22)...[2K[1Gcomputing gzip size (23)...[2K[1Gcomputing gzip size (24)...[2K[1Gcomputing gzip size (25)...[2K[1Gcomputing gzip size (26)...[2K[1Gcomputing gzip size (27)...[2K[1Gcomputing gzip size (28)...[2K[1Gcomputing gzip size (29)...[2K[1Gcomputing gzip size (30)...[2K[1Gcomputing gzip size (31)...[2K[1Gcomputing gzip size (32)...[2K[1Gcomputing gzip size (33)...[2K[1Gcomputing gzip size (34)...[2K[1Gcomputing gzip size (35)...[2K[1Gcomputing gzip size (36)...[2K[1Gcomputing gzip size (37)...[2K[1Gcomputing gzip size (38)...[2K[1Gcomputing gzip size (39)...[2K[1Gcomputing gzip size (40)...[2K[1Gcomputing gzip size (41)...[2K[1Gcomputing gzip size (42)...[2K[1Gcomputing gzip size (43)...[2K[1Gcomputing gzip size (44)...[2K[1Gcomputing gzip size (45)...[2K[1Gcomputing gzip size (46)...[2K[1Gcomputing gzip size (47)...[2K[1Gcomputing gzip size (48)...[2K[1Gcomputing gzip size (49)...[2K[1Gcomputing gzip size (50)...[2K[1Gcomputing gzip size (51)...[2K[1Gcomputing gzip size (52)...[2K[1Gcomputing gzip size (53)...[2K[1Gcomputing gzip size (54)...[2K[1G[2mbuild/client/[22m[32m.vite/manifest.json                         [39m[1m[2m 20.24 kB[22m[1m[22m[2m │ gzip:  2.00 kB[22m
[2mbuild/client/[22m[2massets/[22m[35mroot-CgIlpn9R.css                    [39m[1m[2m 51.86 kB[22m[1m[22m[2m │ gzip:  9.57 kB[22m
[2mbuild/client/[22m[2massets/[22m[36mapi.auth._-l0sNRNKZ.js               [39m[1m[2m  0.00 kB[22m[1m[22m[2m │ gzip:  0.02 kB[22m
[2mbuild/client/[22m[2massets/[22m[36mchevron-right-BKdbJuBl.js            [39m[1m[2m  0.31 kB[22m[1m[22m[2m │ gzip:  0.25 kB[22m
[2mbuild/client/[22m[2massets/[22m[36mproducts.images.new._id-z382JvkI.js  [39m[1m[2m  0.37 kB[22m[1m[22m[2m │ gzip:  0.26 kB[22m
[2mbuild/client/[22m[2massets/[22m[36mcircle-plus-NQCm8UAM.js              [39m[1m[2m  0.38 kB[22m[1m[22m[2m │ gzip:  0.28 kB[22m
[2mbuild/client/[22m[2massets/[22m[36mauth-client-BhGu2u0a.js              [39m[1m[2m  0.41 kB[22m[1m[22m[2m │ gzip:  0.30 kB[22m
[2mbuild/client/[22m[2massets/[22m[36mlink-CBEZzHqO.js                     [39m[1m[2m  0.43 kB[22m[1m[22m[2m │ gzip:  0.30 kB[22m
[2mbuild/client/[22m[2massets/[22m[36mindex-DmmQtZ7X.js                    [39m[1m[2m  0.56 kB[22m[1m[22m[2m │ gzip:  0.39 kB[22m
[2mbuild/client/[22m[2massets/[22m[36minput-CPcRdHTx.js                    [39m[1m[2m  0.60 kB[22m[1m[22m[2m │ gzip:  0.36 kB[22m
[2mbuild/client/[22m[2massets/[22m[36mlabel-B8457Lqy.js                    [39m[1m[2m  0.65 kB[22m[1m[22m[2m │ gzip:  0.42 kB[22m
[2mbuild/client/[22m[2massets/[22m[36m_index-0B8O8PIQ.js                   [39m[1m[2m  0.68 kB[22m[1m[22m[2m │ gzip:  0.42 kB[22m
[2mbuild/client/[22m[2massets/[22m[36mtemp._index-DfMc5mez.js              [39m[1m[2m  0.76 kB[22m[1m[22m[2m │ gzip:  0.45 kB[22m
[2mbuild/client/[22m[2massets/[22m[36mbadge-D7156yGU.js                    [39m[1m[2m  0.78 kB[22m[1m[22m[2m │ gzip:  0.40 kB[22m
[2mbuild/client/[22m[2massets/[22m[36mtrash-4bRImXDd.js                    [39m[1m[2m  0.87 kB[22m[1m[22m[2m │ gzip:  0.44 kB[22m
[2mbuild/client/[22m[2massets/[22m[36mbrands.new-DCc-0DwS.js               [39m[1m[2m  0.96 kB[22m[1m[22m[2m │ gzip:  0.53 kB[22m
[2mbuild/client/[22m[2massets/[22m[36mbrands._id-zxYcCLX_.js               [39m[1m[2m  1.00 kB[22m[1m[22m[2m │ gzip:  0.55 kB[22m
[2mbuild/client/[22m[2massets/[22m[36mcategories._id-DQY4Vpf_.js           [39m[1m[2m  1.00 kB[22m[1m[22m[2m │ gzip:  0.55 kB[22m
[2mbuild/client/[22m[2massets/[22m[36mcard-uKD25fBl.js                     [39m[1m[2m  1.03 kB[22m[1m[22m[2m │ gzip:  0.40 kB[22m
[2mbuild/client/[22m[2massets/[22m[36mLoader-BSH6iQE9.js                   [39m[1m[2m  1.09 kB[22m[1m[22m[2m │ gzip:  0.48 kB[22m
[2mbuild/client/[22m[2massets/[22m[36mpreload-helper-ckwbz45p.js           [39m[1m[2m  1.14 kB[22m[1m[22m[2m │ gzip:  0.67 kB[22m
[2mbuild/client/[22m[2massets/[22m[36mproducts.new-PNIxkGbP.js             [39m[1m[2m  1.15 kB[22m[1m[22m[2m │ gzip:  0.59 kB[22m
[2mbuild/client/[22m[2massets/[22m[36mproducts._id-BVLKpeo3.js             [39m[1m[2m  1.22 kB[22m[1m[22m[2m │ gzip:  0.61 kB[22m
[2mbuild/client/[22m[2massets/[22m[36mseparator-DN20zFGw.js                [39m[1m[2m  1.26 kB[22m[1m[22m[2m │ gzip:  0.72 kB[22m
[2mbuild/client/[22m[2massets/[22m[36mindex-DJ9bNRoW.js                    [39m[1m[2m  1.95 kB[22m[1m[22m[2m │ gzip:  0.90 kB[22m
[2mbuild/client/[22m[2massets/[22m[36mbutton-D8JlDH20.js                   [39m[1m[2m  1.98 kB[22m[1m[22m[2m │ gzip:  0.93 kB[22m
[2mbuild/client/[22m[2massets/[22m[36mtabs-CGZKEjWF.js                     [39m[1m[2m  3.32 kB[22m[1m[22m[2m │ gzip:  1.39 kB[22m
[2mbuild/client/[22m[2massets/[22m[36mbrand-form-DTCd2dLU.js               [39m[1m[2m  3.37 kB[22m[1m[22m[2m │ gzip:  1.45 kB[22m
[2mbuild/client/[22m[2massets/[22m[36msign-in-0NdFmfwL.js                  [39m[1m[2m  3.40 kB[22m[1m[22m[2m │ gzip:  1.53 kB[22m
[2mbuild/client/[22m[2massets/[22m[36mroot-KYvEj6D_.js                     [39m[1m[2m  3.80 kB[22m[1m[22m[2m │ gzip:  1.86 kB[22m
[2mbuild/client/[22m[2massets/[22m[36mentry.client-BL1LAj9B.js             [39m[1m[2m  3.90 kB[22m[1m[22m[2m │ gzip:  1.47 kB[22m
[2mbuild/client/[22m[2massets/[22m[36mcategories._index-C0XwaEVs.js        [39m[1m[2m  4.20 kB[22m[1m[22m[2m │ gzip:  1.66 kB[22m
[2mbuild/client/[22m[2massets/[22m[36mbrands._index-kMBRHBLu.js            [39m[1m[2m  4.60 kB[22m[1m[22m[2m │ gzip:  1.77 kB[22m
[2mbuild/client/[22m[2massets/[22m[36mindex-CJn0gG-_.js                    [39m[1m[2m  4.75 kB[22m[1m[22m[2m │ gzip:  2.06 kB[22m
[2mbuild/client/[22m[2massets/[22m[36mindex-94cA30tv.js                    [39m[1m[2m  5.01 kB[22m[1m[22m[2m │ gzip:  2.06 kB[22m
[2mbuild/client/[22m[2massets/[22m[36mproducts._index-DjCOWZ66.js          [39m[1m[2m  5.20 kB[22m[1m[22m[2m │ gzip:  1.88 kB[22m
[2mbuild/client/[22m[2massets/[22m[36mproducts.variants._id-C26jkWfp.js    [39m[1m[2m  5.22 kB[22m[1m[22m[2m │ gzip:  1.94 kB[22m
[2mbuild/client/[22m[2massets/[22m[36mcategories.new-CxjMMB50.js           [39m[1m[2m  5.24 kB[22m[1m[22m[2m │ gzip:  2.04 kB[22m
[2mbuild/client/[22m[2massets/[22m[36mindex-BVMSUkl9.js                    [39m[1m[2m  5.35 kB[22m[1m[22m[2m │ gzip:  2.05 kB[22m
[2mbuild/client/[22m[2massets/[22m[36mdashboard-PlmstDOZ.js                [39m[1m[2m  5.89 kB[22m[1m[22m[2m │ gzip:  1.49 kB[22m
[2mbuild/client/[22m[2massets/[22m[36mMainLayout-B5-9xbnH.js               [39m[1m[2m  6.55 kB[22m[1m[22m[2m │ gzip:  2.25 kB[22m
[2mbuild/client/[22m[2massets/[22m[36mindex-C8ksxf02.js                    [39m[1m[2m  8.30 kB[22m[1m[22m[2m │ gzip:  3.20 kB[22m
[2mbuild/client/[22m[2massets/[22m[36mproducts.images._id-BOFQqOTY.js      [39m[1m[2m 10.19 kB[22m[1m[22m[2m │ gzip:  3.54 kB[22m
[2mbuild/client/[22m[2massets/[22m[36mindex-CLIAo9WP.js                    [39m[1m[2m 17.87 kB[22m[1m[22m[2m │ gzip:  6.85 kB[22m
[2mbuild/client/[22m[2massets/[22m[36mutils-BoiFmfI-.js                    [39m[1m[2m 20.47 kB[22m[1m[22m[2m │ gzip:  6.93 kB[22m
[2mbuild/client/[22m[2massets/[22m[36mCombination-BkW8_oEI.js              [39m[1m[2m 20.53 kB[22m[1m[22m[2m │ gzip:  7.35 kB[22m
[2mbuild/client/[22m[2massets/[22m[36mcommand-BkdY8Jc3.js                  [39m[1m[2m 21.83 kB[22m[1m[22m[2m │ gzip:  7.64 kB[22m
[2mbuild/client/[22m[2massets/[22m[36mindex-C3UOPpxg.js                    [39m[1m[2m 27.41 kB[22m[1m[22m[2m │ gzip: 10.55 kB[22m
[2mbuild/client/[22m[2massets/[22m[36mindex-BynLo5z1.js                    [39m[1m[2m 32.91 kB[22m[1m[22m[2m │ gzip:  9.37 kB[22m
[2mbuild/client/[22m[2massets/[22m[36mtable-C7n-2qCs.js                    [39m[1m[2m 77.20 kB[22m[1m[22m[2m │ gzip: 20.92 kB[22m
[2mbuild/client/[22m[2massets/[22m[36mtextarea-usCbWT37.js                 [39m[1m[2m 93.76 kB[22m[1m[22m[2m │ gzip: 26.41 kB[22m
[2mbuild/client/[22m[2massets/[22m[36mproduct-form-BmFyqUR9.js             [39m[1m[2m 97.73 kB[22m[1m[22m[2m │ gzip: 24.27 kB[22m
[2mbuild/client/[22m[2massets/[22m[36mcomponents-CBoZLNB5.js               [39m[1m[2m113.72 kB[22m[1m[22m[2m │ gzip: 37.10 kB[22m
[2mbuild/client/[22m[2massets/[22m[36mindex-C6V2pKoY.js                    [39m[1m[2m135.12 kB[22m[1m[22m[2m │ gzip: 43.45 kB[22m
[32m✓ built in 4.84s[39m
[36mvite v6.3.3 [32mbuilding SSR bundle for production...[36m[39m
[2K[1Gtransforming (1) [2m virtual:remix/server-build[22m
/fonts/Sarabun-Thin.ttf referenced in /fonts/Sarabun-Thin.ttf didn't resolve at build time, it will remain unchanged to be resolved at runtime

/fonts/Sarabun-Light.ttf referenced in /fonts/Sarabun-Light.ttf didn't resolve at build time, it will remain unchanged to be resolved at runtime

/fonts/Sarabun-Text.ttf referenced in /fonts/Sarabun-Text.ttf didn't resolve at build time, it will remain unchanged to be resolved at runtime

/fonts/Sarabun-Medium.ttf referenced in /fonts/Sarabun-Medium.ttf didn't resolve at build time, it will remain unchanged to be resolved at runtime

/fonts/Sarabun-SemiBold.ttf referenced in /fonts/Sarabun-SemiBold.ttf didn't resolve at build time, it will remain unchanged to be resolved at runtime

/fonts/Sarabun-Bold.ttf referenced in /fonts/Sarabun-Bold.ttf didn't resolve at build time, it will remain unchanged to be resolved at runtime
[2K[1Gtransforming (31) [2mapp/components/products/product-form.tsx[22m[2K[1G[33mapp/components/products/product-form.tsx (1:0): Error when using sourcemap for reporting an error: Can't resolve original location of error.[39m
[2K[1G[2K[1G[33mapp/components/brands/brand-form.tsx (1:0): Error when using sourcemap for reporting an error: Can't resolve original location of error.[39m
[2K[1G[2K[1G[33mapp/components/products/product-images-grid.tsx (1:0): Error when using sourcemap for reporting an error: Can't resolve original location of error.[39m
[2K[1G[2K[1G[33mapp/components/Sidebar.tsx (1:0): Error when using sourcemap for reporting an error: Can't resolve original location of error.[39m
[2K[1G[2K[1G[33m"uuid" is imported from external module "drizzle-orm/pg-core" but never used in "../../packages/db/src/schema.ts".[39m
[2K[1G[32m✓[39m 62 modules transformed.
[2K[1Grendering chunks (1)...[2K[1Grendering chunks (2)...[2K[1G[2K[1G[2mbuild/server/[22m[32m.vite/manifest.json               [39m[1m[2m  0.49 kB[22m[1m[22m
[2mbuild/server/[22m[2massets/[22m[35mserver-build-CgIlpn9R.css  [39m[1m[2m 51.86 kB[22m[1m[22m
[2mbuild/server/[22m[2massets/[22m[36mauth-client-BCfz1zz5.js    [39m[1m[2m  0.55 kB[22m[1m[22m
[2mbuild/server/[22m[36mindex.js                          [39m[1m[2m183.35 kB[22m[1m[22m
[32m✓ built in 228ms[39m
